[22:39:52] [main/INFO] (FabricLoader/GameProvider) Loading Minecraft 1.19 with Fabric Loader 0.14.6
[22:39:52] [main/INFO] (FabricLoader) Loading 37 mods:
	- cyan 0.4.8+1.19
	- cyanlib 0.0.2+1.19
	- fabric 0.55.1+1.19
	- fabric-api-base 0.4.8+e62f51a357
	- fabric-api-lookup-api-v1 1.6.5+9ff28f4057
	- fabric-biome-api-v1 9.0.11+e62f51a357
	- fabric-command-api-v2 2.0.1+e62f51a357
	- fabric-content-registries-v0 3.0.15+9ff28f4057
	- fabric-convention-tags-v1 1.0.7+37622d2457
	- fabric-crash-report-info-v1 0.2.2+bd0a0d4a57
	- fabric-data-generation-api-v1 5.0.0+2a5b921057
	- fabric-dimensions-v1 2.1.26+72da3b3d57
	- fabric-entity-events-v1 1.4.15+9ff28f4057
	- fabric-events-interaction-v0 0.4.25+9ff28f4057
	- fabric-game-rule-api-v1 1.0.18+1899036157
	- fabric-gametest-api-v1 1.0.29+e62f51a357
	- fabric-item-api-v1 1.5.3+767db26e57
	- fabric-item-groups-v0 0.3.22+9ff28f4057
	- fabric-lifecycle-events-v1 2.0.8+21a5acaa57
	- fabric-loot-api-v2 1.0.0+9e7660c657
	- fabric-message-api-v1 1.0.0+513f4a5957
	- fabric-mining-level-api-v1 2.1.6+9ff28f4057
	- fabric-networking-api-v1 1.0.26+7fe9740957
	- fabric-object-builder-api-v1 4.0.4+9ff28f4057
	- fabric-particles-v1 1.0.7+9ff28f4057
	- fabric-registry-sync-v0 0.9.15+92cf9a3e57
	- fabric-rendering-data-attachment-v1 0.3.11+9ff28f4057
	- fabric-rendering-fluids-v1 3.0.4+9ff28f4057
	- fabric-resource-conditions-api-v1 2.0.8+e62f51a357
	- fabric-resource-loader-v0 0.5.2+9e7660c657
	- fabric-screen-handler-api-v1 1.2.5+9ff28f4057
	- fabric-transfer-api-v1 2.0.7+e62f51a357
	- fabric-transitive-access-wideners-v1 1.1.0+9e7660c657
	- fabricloader 0.14.6
	- java 17
	- midnightlib 0.5.2
	- minecraft 1.19
[22:39:53] [main/INFO] (FabricLoader/Mixin) SpongePowered MIXIN Subsystem Version=0.8.5 Source=file:/C:/Users/user/.gradle/caches/modules-2/files-2.1/net.fabricmc/sponge-mixin/0.11.4+mixin.0.8.5/c1dc27696aa4006e492c2485c9ccbcb26045a971/sponge-mixin-0.11.4+mixin.0.8.5.jar Service=Knot/Fabric Env=SERVER
[22:39:53] [main/INFO] (FabricLoader/Mixin) Loaded Fabric development mappings for mixin remapper!
[22:39:53] [main/INFO] (FabricLoader/Mixin) Compatibility level set to JAVA_16
[22:39:56] [main/WARN] (FileUtil) Configuration conflict: there is more than one oshi.properties file on the classpath
[22:39:57] [main/WARN] (FileUtil) Configuration conflict: there is more than one oshi.architecture.properties file on the classpath
[22:40:05] [main/INFO] (Minecraft) Building unoptimized datafixer
[22:40:10] [main/INFO] (cyan) [CyanServer] Successfully initialized config
[22:40:10] [main/INFO] (cyan) [CyanServer] Successfully initialized commands
[22:40:10] [main/INFO] (cyan) [CyanServer] Successfully completed initialization
[22:40:10] [main/INFO] (cyanlib) [CyanLibServer] Successfuly initialized
[22:40:10] [main/INFO] (Minecraft) Environment: authHost='https://authserver.mojang.com', accountsHost='https://api.mojang.com', sessionHost='https://sessionserver.mojang.com', servicesHost='https://api.minecraftservices.com', name='PROD'
[22:40:15] [main/INFO] (Minecraft) Loaded 7 recipes
[22:40:16] [main/INFO] (Minecraft) Loaded 1179 advancements
[22:40:18] [main/INFO] (BiomeModificationImpl) Applied 0 biome modifications to 0 of 63 new biomes in 3.938 ms
[22:40:18] [Server thread/INFO] (Minecraft) Starting minecraft server version 1.19
[22:40:18] [Server thread/INFO] (Minecraft) Loading properties
[22:40:18] [Server thread/INFO] (Minecraft) Default game type: SURVIVAL
[22:40:18] [Server thread/INFO] (Minecraft) Generating keypair
[22:40:18] [Server thread/INFO] (Minecraft) Starting Minecraft server on *:25565
[22:40:18] [Server thread/INFO] (Minecraft) Using default channel type
[22:40:19] [Server thread/INFO] (Minecraft) Preparing level "world"
[22:40:20] [Server thread/INFO] (Minecraft) Preparing start region for dimension minecraft:overworld
[22:40:27] [Worker-Main-2/INFO] (Minecraft) Preparing spawn area: 0%
[22:40:27] [Worker-Main-2/INFO] (Minecraft) Preparing spawn area: 0%
[22:40:27] [Worker-Main-2/INFO] (Minecraft) Preparing spawn area: 0%
[22:40:27] [Worker-Main-2/INFO] (Minecraft) Preparing spawn area: 0%
[22:40:27] [Worker-Main-2/INFO] (Minecraft) Preparing spawn area: 0%
[22:40:27] [Worker-Main-2/INFO] (Minecraft) Preparing spawn area: 0%
[22:40:27] [Worker-Main-3/INFO] (Minecraft) Preparing spawn area: 0%
[22:40:27] [Worker-Main-3/INFO] (Minecraft) Preparing spawn area: 0%
[22:40:27] [Worker-Main-1/INFO] (Minecraft) Preparing spawn area: 0%
[22:40:27] [Worker-Main-1/INFO] (Minecraft) Preparing spawn area: 0%
[22:40:27] [Worker-Main-1/INFO] (Minecraft) Preparing spawn area: 0%
[22:40:27] [Worker-Main-2/INFO] (Minecraft) Preparing spawn area: 0%
[22:40:27] [Worker-Main-2/INFO] (Minecraft) Preparing spawn area: 0%
[22:40:27] [Worker-Main-1/INFO] (Minecraft) Preparing spawn area: 0%
[22:40:27] [Worker-Main-3/INFO] (Minecraft) Preparing spawn area: 0%
[22:40:28] [Worker-Main-4/INFO] (Minecraft) Preparing spawn area: 4%
[22:40:28] [Worker-Main-1/INFO] (Minecraft) Preparing spawn area: 28%
[22:40:29] [Worker-Main-3/INFO] (Minecraft) Preparing spawn area: 43%
[22:40:29] [Worker-Main-1/INFO] (Minecraft) Preparing spawn area: 89%
[22:40:30] [Server thread/INFO] (Minecraft) Time elapsed: 9321 ms
[22:40:30] [Server thread/INFO] (Minecraft) Done (10.048s)! For help, type "help"
[22:41:01] [Server thread/INFO] (Minecraft) com.mojang.authlib.GameProfile@290284c8[id=<null>,name=Raphoulfifou,properties={},legacy=false] (/127.0.0.1:56223) lost connection: Disconnected
[22:41:03] [User Authenticator #1/INFO] (Minecraft) UUID of player Raphoulfifou is b5b496da-06db-4468-8237-b3aaa38e9e25
[22:41:03] [Server thread/INFO] (Minecraft) Raphoulfifou[/127.0.0.1:56225] logged in with entity id 240 at (-63.93158097882818, 77.0, -16.933827868210034)
[22:41:03] [Server thread/INFO] (Minecraft) Raphoulfifou joined the game
[22:41:09] [Server thread/INFO] (Minecraft) [Raphoulfifou: Killed 9 entities]
[22:43:25] [Server thread/INFO] (Minecraft) Raphoulfifou lost connection: Disconnected
[22:43:25] [Server thread/INFO] (Minecraft) Raphoulfifou left the game
[22:43:37] [Server thread/INFO] (Minecraft) Stopping the server
[22:43:37] [Server thread/INFO] (Minecraft) Stopping server
[22:43:37] [Server thread/INFO] (Minecraft) Saving players
[22:43:37] [Server thread/INFO] (Minecraft) Saving worlds
[22:43:39] [Server thread/INFO] (Minecraft) Saving chunks for level 'ServerLevel[world]'/minecraft:overworld
[22:43:39] [Server thread/INFO] (Minecraft) Saving chunks for level 'ServerLevel[world]'/minecraft:the_end
[22:43:39] [Server thread/INFO] (Minecraft) Saving chunks for level 'ServerLevel[world]'/minecraft:the_nether
[22:43:39] [Server thread/INFO] (Minecraft) ThreadedAnvilChunkStorage (world): All chunks are saved
[22:43:39] [Server thread/INFO] (Minecraft) ThreadedAnvilChunkStorage (DIM1): All chunks are saved
[22:43:39] [Server thread/INFO] (Minecraft) ThreadedAnvilChunkStorage (DIM-1): All chunks are saved
[22:43:39] [Server thread/INFO] (Minecraft) ThreadedAnvilChunkStorage: All dimensions are saved
