[22:15:17] [main/INFO] (FabricLoader/GameProvider) Loading Minecraft 1.18.2 with Fabric Loader 0.14.6
[22:15:17] [main/WARN] (FabricLoader/Resolution) Warnings were found!
 - Mod 'Debugify' (debugify) 1.11.0 recommends any 6.x version of cloth-config2, which is missing!
	 - You should install any 6.x version of cloth-config2 for the optimal experience.
 - Mod 'Ok Zoomer (Migrated to Quilt)' (ok_zoomer-sunset) 5.0.0-beta.7+1.18.2 recommends version 0.16.0 of quilt_loader, which is missing!
	 - You should install version 0.16.0 of quilt_loader for the optimal experience.
[22:15:17] [main/INFO] (FabricLoader) Loading 80 mods:
	- advanced_runtime_resource_pack 0.5.5 via enhancedblockentities
	- betterfpsdist 1.18-1.8
	- c2me 0.2.0+alpha.7.0
	- caffeineconfig 1.1.0 via sodium-extra
	- com_github_llamalad7_mixinextras 0.0.10 via debugify
	- com_ishland_c2me_libs_ 0.2.0+alpha.7.0 via c2me
	- com_moandjiezana_toml_toml4j 0.7.2 via dynamicfps
	- com_velocitypowered_velocity-native 1.1.0-SNAPSHOT via krypton
	- cullleaves 2.3.2
	- cyan 0.4.9+1.18.2
	- cyanlib 0.0.5+1.18.2
	- debugify 1.11.0
	- dynamicfps 2.1.0
	- enhancedblockentities 0.7.1+1.18.2
	- entityculling 1.5.1
	- fabric 0.47.8+1.18.2
	- fabric-api-base 0.4.3+d7c144a8d2
	- fabric-api-lookup-api-v1 1.5.6+d7c144a8d2
	- fabric-biome-api-v1 8.0.1+2873dd57d2
	- fabric-blockrenderlayer-v1 1.1.11+3ac43d95d2
	- fabric-command-api-v1 1.1.8+d7c144a8d2
	- fabric-commands-v0 0.2.7+b4f4f6cdd2
	- fabric-containers-v0 0.1.20+d7c144a8d2
	- fabric-content-registries-v0 3.0.0+d82b9392d2
	- fabric-crash-report-info-v1 0.1.10+3ac43d95d2
	- fabric-data-generation-api-v1 2.0.4+ebd24f87d2
	- fabric-dimensions-v1 2.1.16+25407454d2
	- fabric-entity-events-v1 1.4.7+d7c144a8d2
	- fabric-events-interaction-v0 0.4.18+d7c144a8d2
	- fabric-events-lifecycle-v0 0.2.12+d7c144a8d2
	- fabric-game-rule-api-v1 1.0.12+d7c144a8d2
	- fabric-gametest-api-v1 1.0.13+25407454d2
	- fabric-item-api-v1 1.3.2+691a79b5d2
	- fabric-item-groups-v0 0.3.8+3ac43d95d2
	- fabric-key-binding-api-v1 1.0.11+54e5b2ecd2
	- fabric-keybindings-v0 0.2.9+b4f4f6cdd2
	- fabric-lifecycle-events-v1 2.0.1+25407454d2
	- fabric-loot-tables-v1 1.0.10+d7c144a8d2
	- fabric-mining-level-api-v1 2.0.2+d1027f7dd2
	- fabric-models-v0 0.3.5+d7c144a8d2
	- fabric-networking-api-v1 1.0.20+d882b915d2
	- fabric-networking-v0 0.3.7+b4f4f6cdd2
	- fabric-object-builder-api-v1 2.0.1+d882b915d2
	- fabric-particles-v1 0.2.11+526dc1acd2
	- fabric-registry-sync-v0 0.9.5+55dca1a4d2
	- fabric-renderer-api-v1 0.4.12+d882b915d2
	- fabric-renderer-indigo 0.4.16+d8c7b9aed2
	- fabric-renderer-registries-v1 3.2.10+b4f4f6cdd2
	- fabric-rendering-data-attachment-v1 0.3.6+d7c144a8d2
	- fabric-rendering-fluids-v1 2.0.1+54e5b2ecd2
	- fabric-rendering-v0 1.1.12+b4f4f6cdd2
	- fabric-rendering-v1 1.10.6+54e5b2ecd2
	- fabric-resource-conditions-api-v1 2.0.1+d1027f7dd2
	- fabric-resource-loader-v0 0.4.16+55dca1a4d2
	- fabric-screen-api-v1 1.0.9+d882b915d2
	- fabric-screen-handler-api-v1 1.1.13+d7c144a8d2
	- fabric-textures-v0 1.0.11+3ac43d95d2
	- fabric-transfer-api-v1 1.5.12+d882b915d2
	- fabricloader 0.14.6
	- fastload 1.1.4+1.18.2
	- ferritecore 4.2.1
	- java 17
	- krypton 0.1.9
	- languagereload 1.2.1
	- lazydfu 0.1.2
	- libzoomer 0.4.2+1.18.2 via ok_zoomer-sunset
	- lithium 0.7.10
	- midnightlib 0.3.1
	- minecraft 1.18.2
	- modmenu 3.2.3
	- moreculling 1.18.2-0.1.4-alpha
	- ok_zoomer-sunset 5.0.0-beta.7+1.18.2
	- org_aperlambda_lambdajcommon 1.8.1 via spruceui
	- org_joml_joml 1.10.2 via sodium
	- reeses-sodium-options 1.4.3+mc1.18.2-build.42
	- skiptransitions 1.3.2+1.18.x
	- sodium 0.4.1+build.15
	- sodium-extra 0.4.5+mc1.18.2-build.42
	- spruceui 3.3.0+1.17 via enhancedblockentities
	- starlight 1.0.2+fabric.89b8d9f
[22:15:25] [main/INFO] (FabricLoader/Mixin) SpongePowered MIXIN Subsystem Version=0.8.5 Source=file:/C:/Users/user/.gradle/caches/modules-2/files-2.1/net.fabricmc/sponge-mixin/0.11.4+mixin.0.8.5/c1dc27696aa4006e492c2485c9ccbcb26045a971/sponge-mixin-0.11.4+mixin.0.8.5.jar Service=Knot/Fabric Env=CLIENT
[22:15:25] [main/INFO] (FabricLoader/Mixin) Loaded Fabric development mappings for mixin remapper!
[22:15:25] [main/INFO] (FabricLoader/Mixin) Compatibility level set to JAVA_16
[22:15:25] [main/INFO] (FabricLoader/Mixin) Compatibility level set to JAVA_17
[22:15:26] [main/INFO] (Lithium) Loaded configuration file for Lithium: 102 options available, 2 override(s) found
[22:15:26] [main/INFO] (Sodium) Loaded configuration file for Sodium: 29 options available, 0 override(s) found
[22:15:26] [main/INFO] (C2ME Config Updater) Updating config from 0 to 1
[22:15:26] [main/INFO] (C2ME Config Updater) Updating config from 1 to 2
[22:15:26] [main/INFO] (C2ME Config) Configuration loaded successfully after 335.8174ms
[22:15:26] [main/INFO] (C2ME Mixin) Successfully loaded configuration for C2ME
[22:15:26] [main/INFO] (C2ME Compatibility Module) Initializing C2ME Compatibility Module
[22:15:26] [main/INFO] (Sodium Extra Config) Loaded configuration file for Sodium Extra: 27 options available, 0 override(s) found
[22:15:26] [main/WARN] (Lithium) Force-disabling mixin 'alloc.blockstate.StateMixin' as rule 'mixin.alloc.blockstate' (added by mods [ferritecore]) disables it and children
[22:15:26] [main/WARN] (Lithium) Force-disabling mixin 'world.player_chunk_tick.ThreadedAnvilChunkStorageMixin' as rule 'mixin.world.player_chunk_tick' (added by mods [krypton, c2me]) disables it and children
[22:15:27] [main/INFO] (C2ME Compatibility Module) Adding mixins: [None]
[22:15:27] [main/INFO] (ARRP) I used the json to destroy the json
[22:15:27] [main/INFO] (Sodium) Trying to switch memory allocators to work around memory leaks present with Jemalloc 5.0.0 through 5.2.0 on Windows
[22:15:28] [main/WARN] (FabricLoader/Mixin) @Inject(@At("INVOKE")) Shift.BY=3 on fabric-lifecycle-events-v1.mixins.json:client.WorldChunkMixin from mod fabric-lifecycle-events-v1::handler$zmf000$onLoadBlockEntity exceeds the maximum allowed value: 0. Increase the value of maxShiftBy to suppress this warning.
[22:15:29] [main/WARN] (FileUtil) Configuration conflict: there is more than one oshi.properties file on the classpath
[22:15:29] [main/WARN] (FileUtil) Configuration conflict: there is more than one oshi.architecture.properties file on the classpath
[22:15:31] [main/WARN] (FabricLoader/Mixin) Method overwrite conflict for isSideInvisible in sodium.mixins.json:features.render_layer.leaves.MixinLeavesBlock from mod sodium, previously written by eu.midnightdust.cullleaves.mixin.MixinLeavesBlock. Skipping method.
[22:15:37] [Render thread/INFO] (Minecraft) Environment: authHost='https://authserver.mojang.com', accountsHost='https://api.mojang.com', sessionHost='https://sessionserver.mojang.com', servicesHost='https://api.minecraftservices.com', name='PROD'
[22:15:37] [Render thread/ERROR] (Minecraft) Failed to verify authentication
com.mojang.authlib.exceptions.InvalidCredentialsException: Status: 401
	at com.mojang.authlib.exceptions.MinecraftClientHttpException.toAuthenticationException(MinecraftClientHttpException.java:56) ~[authlib-3.3.39.jar:?]
	at com.mojang.authlib.yggdrasil.YggdrasilUserApiService.fetchProperties(YggdrasilUserApiService.java:132) ~[authlib-3.3.39.jar:?]
	at com.mojang.authlib.yggdrasil.YggdrasilUserApiService.<init>(YggdrasilUserApiService.java:44) ~[authlib-3.3.39.jar:?]
	at com.mojang.authlib.yggdrasil.YggdrasilAuthenticationService.createUserApiService(YggdrasilAuthenticationService.java:153) ~[authlib-3.3.39.jar:?]
	at net.minecraft.client.MinecraftClient.createUserApiService(MinecraftClient.java:680) [minecraft-project-@-merged-named.jar:?]
	at net.minecraft.client.MinecraftClient.<init>(MinecraftClient.java:424) [minecraft-project-@-merged-named.jar:?]
	at net.minecraft.client.main.Main.main(Main.java:197) [minecraft-project-@-merged-named.jar:?]
	at net.fabricmc.loader.impl.game.minecraft.MinecraftGameProvider.launch(MinecraftGameProvider.java:460) [fabric-loader-0.14.6.jar:?]
	at net.fabricmc.loader.impl.launch.knot.Knot.launch(Knot.java:74) [fabric-loader-0.14.6.jar:?]
	at net.fabricmc.loader.impl.launch.knot.KnotClient.main(KnotClient.java:23) [fabric-loader-0.14.6.jar:?]
	at net.fabricmc.devlaunchinjector.Main.main(Main.java:86) [dev-launch-injector-0.2.1+build.8.jar:?]
Caused by: com.mojang.authlib.exceptions.MinecraftClientHttpException: Status: 401
	at com.mojang.authlib.minecraft.client.MinecraftClient.readInputStream(MinecraftClient.java:78) ~[authlib-3.3.39.jar:?]
	at com.mojang.authlib.minecraft.client.MinecraftClient.get(MinecraftClient.java:48) ~[authlib-3.3.39.jar:?]
	at com.mojang.authlib.yggdrasil.YggdrasilUserApiService.fetchProperties(YggdrasilUserApiService.java:113) ~[authlib-3.3.39.jar:?]
	... 9 more
[22:15:37] [Render thread/INFO] (Minecraft) Setting user: Player228
[22:15:37] [Render thread/INFO] (Debugify) Saving config because the loaded bug fixes are different to stored json.
[22:15:37] [Render thread/INFO] (Debugify) Saving Debugify
[22:15:37] [Render thread/INFO] (Debugify) Successfully Debugify'd your game!
[22:15:37] [Render thread/INFO] (Debugify) Proudly fixes 72 bugs!
[22:15:37] [Render thread/WARN] (BetterfpsdistMod) Config for betterfps distances not found, recreating default
[22:15:37] [Render thread/INFO] (BetterfpsdistMod) betterfpsdist mod initialized
[22:15:37] [Render thread/WARN] (Fastload) Fastload may cause issues, report them to us instead of other mod authors
[22:15:38] [Render thread/INFO] (KryptonSharedInitializer) Compression will use Java 11, encryption will use Java
[22:15:38] [ForkJoinPool.commonPool-worker-1/ERROR] (Debugify) Couldn't get latest version!
[22:15:38] [Render thread/INFO] (Debugify) Re-caching descriptions because json doesn't match config.
[22:15:38] [Render thread/INFO] (Debugify) Saving Description Cache...
[22:15:38] [Render thread/INFO] (Debugify) Cache empty. Getting descriptions and saving in a new thread.
[22:15:38] [ForkJoinPool.commonPool-worker-1/INFO] (Debugify) Caching bug descriptions
[22:15:38] [Render thread/INFO] (Indigo) [Indigo] Different rendering plugin detected; not applying Indigo.
[22:15:38] [Render thread/INFO] (SimpleConfig) Config 'SkipTransitions' is missing, generating default one...
[22:15:38] [Render thread/INFO] (skiptransitions) Skip Transitions loaded.
[22:15:38] [Render thread/INFO] (KryptonServerInitializer) Krypton is now accelerating your Minecraft client's networking stack 🚀
[22:15:38] [Render thread/INFO] (KryptonServerInitializer) Note that Krypton is most effective on servers, not the client.
[22:15:38] [Render thread/WARN] (RRP) Invalid config, creating new one!
[22:15:38] [Render thread/INFO] (cyan) [CyanClient] Successfully initialized config
[22:15:38] [Render thread/INFO] (cyan) [CyanClient] Successfully initialized commands
[22:15:38] [Render thread/INFO] (cyan) [CyanClient] Successfully completed initialization
[22:15:39] [Render thread/INFO] (Minecraft) Backend library: LWJGL version 3.2.2 build 10
[22:15:41] [Render thread/INFO] (Minecraft) Narrator library for x64 successfully loaded
[22:15:41] [Render thread/INFO] (ARRP/ReloadableResourceManagerImplMixin) ARRP register - before vanilla
[22:15:41] [Render thread/INFO] (ARRP/ReloadableResourceManagerImplMixin) ARRP register - after vanilla
[22:15:41] [Render thread/INFO] (Minecraft) Reloading ResourceManager: Default, Fabric Mods (Fabric Screen Handler API (v1), LibZoomer, EntityCulling-Fabric, Fabric Data Generation API (v1), Cull Leaves, Fabric BlockRenderLayer Registration (v1), Fabric Game Test API (v1), Runtime Resource Pack, Fabric Renderer API (v1), Fabric Loader, Language Reload, Fabric Game Rule API (v1), Fabric Events Lifecycle (v0), More Culling, Fabric Containers (v0), Fabric Key Bindings (v0), Fabric Renderer Registries (v1), Ok Zoomer (Migrated to Quilt), Fabric Commands (v0), Reese's Sodium Options, Better FPS distance Mod, Dynamic FPS, Fabric Mining Level API (v1), Fabric Events Interaction (v0), Starlight, Fabric Biome API (v1), Fast Load, Fabric Object Builder API (v1), Fabric Item Groups (v0), Fabric Rendering (v0), CaffeineConfig, Mod Menu, Fabric Rendering Fluids (v1), Fabric Networking (v0), Fabric Networking API (v1), Fabric Registry Sync (v0), Fabric Entity Events (v1), Fabric Screen API (v1), Fabric Lifecycle Events (v1), Fabric Loot Tables (v1), Fabric API Base, Fabric Command API (v1), Fabric Models (v0), Fabric Resource Loader (v0), Fabric Renderer - Indigo, Skip Transitions, Krypton, Fabric Crash Report Info (v1), Fabric Rendering (v1), Enhanced Block Entities, Lithium, Cyan, LazyDFU, Fabric API, CyanLib, Fabric Textures (v0), Fabric Item API (v1), Fabric Dimensions API (v1), Fabric Key Binding API (v1), Sodium, MidnightLib, Fabric Resource Conditions API (v1), Fabric Particles (v1), SpruceUI, Fabric API Lookup API (v1), Fabric Content Registries (v0), Concurrent Chunk Management Engine, Sodium Extra, Fabric Transfer API (v1), Fabric Rendering Data Attachment (v1))
[22:15:42] [Render thread/INFO] (MidnightLib) Player hats successfully loaded!
[22:15:43] [Render thread/INFO] (Minecraft) OpenAL initialized on device OpenAL Soft on Speakers (Realtek High Definition Audio)
[22:15:43] [Render thread/INFO] (Minecraft) Sound engine started
[22:15:44] [Render thread/INFO] (Minecraft) Created: 2048x1024x4 minecraft:textures/atlas/blocks.png-atlas
[22:15:44] [Render thread/INFO] (Minecraft) Created: 256x128x4 minecraft:textures/atlas/signs.png-atlas
[22:15:44] [Render thread/INFO] (Minecraft) Created: 1024x512x4 minecraft:textures/atlas/banner_patterns.png-atlas
[22:15:44] [Render thread/INFO] (Minecraft) Created: 1024x512x4 minecraft:textures/atlas/shield_patterns.png-atlas
[22:15:44] [Render thread/INFO] (Minecraft) Created: 256x256x4 minecraft:textures/atlas/chest.png-atlas
[22:15:44] [Render thread/INFO] (Minecraft) Created: 512x256x4 minecraft:textures/atlas/beds.png-atlas
[22:15:44] [Render thread/INFO] (Minecraft) Created: 512x256x4 minecraft:textures/atlas/shulker_boxes.png-atlas
[22:15:45] [Render thread/WARN] (FabricLoader/Mixin) @Redirect conflict. Skipping debugify-common.mixins.json:basic.client.mc165595.GuardianEntityRendererMixin from mod debugify->@Redirect::useCorrectTime(Lnet/minecraft/world/World;)J with priority 900, already redirected by sodium-extra.mixins.json:render.entity.MixinGuardianEntityRenderer from mod sodium-extra->@Redirect::useTimeOfDay(Lnet/minecraft/world/World;)J with priority 1000
[22:15:46] [Render thread/INFO] (Minecraft) Created: 256x256x0 minecraft:textures/atlas/particles.png-atlas
[22:15:46] [Render thread/INFO] (Minecraft) Created: 256x256x0 minecraft:textures/atlas/paintings.png-atlas
[22:15:46] [Render thread/INFO] (Minecraft) Created: 256x128x0 minecraft:textures/atlas/mob_effects.png-atlas
[22:15:49] [Realms Notification Availability checker #1/INFO] (Minecraft) Could not authorize you against Realms server: Invalid session id
[22:15:52] [Render thread/WARN] (Minecraft) Ambiguity between arguments [teleport, location] and [teleport, destination] with inputs: [0.1 -0.5 .9, 0 0 0]
[22:15:52] [Render thread/WARN] (Minecraft) Ambiguity between arguments [teleport, location] and [teleport, targets] with inputs: [0.1 -0.5 .9, 0 0 0]
[22:15:52] [Render thread/WARN] (Minecraft) Ambiguity between arguments [teleport, destination] and [teleport, targets] with inputs: [Player, 0123, @e, dd12be42-52a9-4a91-a8a1-11c01849e498]
[22:15:52] [Render thread/WARN] (Minecraft) Ambiguity between arguments [teleport, targets] and [teleport, destination] with inputs: [Player, 0123, dd12be42-52a9-4a91-a8a1-11c01849e498]
[22:15:52] [Render thread/WARN] (Minecraft) Ambiguity between arguments [teleport, targets, location] and [teleport, targets, destination] with inputs: [0.1 -0.5 .9, 0 0 0]
[22:15:52] [Render thread/INFO] (Minecraft) Loaded 7 recipes
[22:15:53] [Render thread/INFO] (Minecraft) Loaded 1141 advancements
[22:15:54] [Render thread/INFO] (Minecraft) Environment: authHost='https://authserver.mojang.com', accountsHost='https://api.mojang.com', sessionHost='https://sessionserver.mojang.com', servicesHost='https://api.minecraftservices.com', name='PROD'
[22:15:54] [Render thread/INFO] (BiomeModificationImpl) Applied 0 biome modifications to 0 of 61 new biomes in 4.435 ms
[22:15:54] [Server thread/INFO] (Minecraft) Starting integrated minecraft server version 1.18.2
[22:15:54] [Server thread/INFO] (Minecraft) Generating keypair
[22:15:54] [Server thread/INFO] (Minecraft) [STDOUT]: Initializing stronghold positions, this may take a while
[22:15:54] [Server thread/INFO] (Minecraft) [STDOUT]: Stronghold positions initialized
[22:15:54] [Server thread/INFO] (Minecraft) [STDOUT]: Initializing stronghold positions, this may take a while
[22:15:54] [Server thread/INFO] (Minecraft) [STDOUT]: Stronghold positions initialized
[22:15:54] [Server thread/INFO] (Minecraft) [STDOUT]: Initializing stronghold positions, this may take a while
[22:15:54] [Server thread/INFO] (Minecraft) [STDOUT]: Stronghold positions initialized
[22:15:54] [Server thread/INFO] (Minecraft) Preparing start region for dimension minecraft:overworld
[22:15:55] [Render thread/INFO] (Minecraft) Preparing spawn area: 0%
[22:15:55] [Render thread/INFO] (Minecraft) Preparing spawn area: 0%
[22:15:55] [Render thread/INFO] (Minecraft) Preparing spawn area: 0%
[22:15:56] [Render thread/INFO] (Minecraft) Preparing spawn area: 0%
[22:15:56] [Render thread/INFO] (Minecraft) Preparing spawn area: 0%
[22:15:57] [Render thread/INFO] (Minecraft) Preparing spawn area: 7%
[22:15:57] [Render thread/INFO] (Minecraft) Preparing spawn area: 38%
[22:15:58] [Render thread/INFO] (Minecraft) Time elapsed: 3318 ms
[22:15:58] [Server thread/WARN] (FabricLoader/Mixin) @Redirect conflict. Skipping lithium.mixins.json:alloc.entity_tracker.EntityTrackerMixin from mod lithium->@Redirect::useFasterCollection()Ljava/util/Set; with priority 1000, already redirected by krypton.mixins.json:shared.network.microopt.TacsTrackedEntityMixin from mod krypton->@Redirect::construct$useFastutil()Ljava/util/Set; with priority 1000
[22:15:58] [Server thread/INFO] (Minecraft) Changing view distance to 12, from 10
[22:15:58] [Server thread/INFO] (Minecraft) Changing simulation distance to 5, from 0
[22:15:59] [Server thread/INFO] (Minecraft) Player228[local:E:1d251fad] logged in with entity id 105 at (-167.32677786362112, 63.0, 364.98251942819)
[22:15:59] [Server thread/INFO] (Minecraft) Player228 joined the game
[22:16:00] [Render thread/INFO] (ChunkBuilder) Started 2 worker threads
[22:16:00] [Render thread/INFO] (Minecraft) Loaded 0 advancements
[22:17:21] [Render thread/INFO] (Minecraft) Loaded 2 advancements
[22:17:34] [Render thread/INFO] (Minecraft) [CHAT] \n§d>> §3AllowBed option is set to §atrue
[22:17:36] [Server thread/INFO] (Minecraft) Saving and pausing game...
[22:17:36] [Server thread/INFO] (Minecraft) Saving chunks for level 'ServerLevel[New World]'/minecraft:overworld
[22:17:37] [Server thread/INFO] (Minecraft) Saving chunks for level 'ServerLevel[New World]'/minecraft:the_end
[22:17:37] [Server thread/INFO] (Minecraft) Saving chunks for level 'ServerLevel[New World]'/minecraft:the_nether
[22:17:43] [Server thread/INFO] (Minecraft) Saving and pausing game...
[22:17:43] [Server thread/INFO] (Minecraft) Saving chunks for level 'ServerLevel[New World]'/minecraft:overworld
[22:17:43] [Server thread/INFO] (Minecraft) Saving chunks for level 'ServerLevel[New World]'/minecraft:the_end
[22:17:43] [Server thread/INFO] (Minecraft) Saving chunks for level 'ServerLevel[New World]'/minecraft:the_nether
[22:17:54] [Render thread/INFO] (Minecraft) [CHAT] \n§d>> §3AllowBed option have been set to §cfalse
[22:17:56] [Render thread/INFO] (Minecraft) [CHAT] \n§d>> §3AllowBed option is set to §cfalse
[22:17:58] [Render thread/INFO] (Minecraft) [CHAT] \n§d>> §3AllowBed option have been set to §atrue
[22:18:00] [Render thread/INFO] (Minecraft) [CHAT] \n§6|--> §3Options defined for the Cyan mod :\n
[22:18:00] [Render thread/INFO] (Minecraft) [CHAT] §6>> §3/bed allowed : §atrue
[22:18:00] [Render thread/INFO] (Minecraft) [CHAT] §6>> §3/kgi allowed : §atrue
[22:18:00] [Render thread/INFO] (Minecraft) [CHAT] §6>>§3 /surface allowed : §atrue
[22:18:00] [Render thread/INFO] (Minecraft) [CHAT] §6>> §3Use of traduction files : §cfalse
[22:18:00] [Render thread/INFO] (Minecraft) [CHAT] §6>> §3Distance in which ground items will be removed (in chunks): §614
[22:18:00] [Render thread/INFO] (Minecraft) [CHAT] §6>> §3Minimu OP level for /kgi : §64
[22:18:11] [Server thread/INFO] (Minecraft) Saving and pausing game...
[22:18:11] [Server thread/INFO] (Minecraft) Saving chunks for level 'ServerLevel[New World]'/minecraft:overworld
[22:18:11] [Server thread/INFO] (Minecraft) Saving chunks for level 'ServerLevel[New World]'/minecraft:the_end
[22:18:11] [Server thread/INFO] (Minecraft) Saving chunks for level 'ServerLevel[New World]'/minecraft:the_nether
[22:18:41] [Render thread/INFO] (Minecraft) [CHAT] \n§d>> §3DistanceToEntitiesKgi option is set to §614
[22:18:53] [Server thread/INFO] (Minecraft) [Player228: Set own game mode to Spectator Mode]
[22:18:53] [Render thread/INFO] (Minecraft) [CHAT] Set own game mode to Spectator Mode
[22:18:57] [Server thread/INFO] (Minecraft) [Player228: Set own game mode to Creative Mode]
[22:18:57] [Render thread/INFO] (Minecraft) [CHAT] Set own game mode to Creative Mode
[22:19:05] [Render thread/INFO] (Minecraft) [CHAT] \n§d>> §3AllowSurface option have been set to §atrue
[22:19:14] [Server thread/INFO] (Minecraft) Saving and pausing game...
[22:19:14] [Server thread/INFO] (Minecraft) Saving chunks for level 'ServerLevel[New World]'/minecraft:overworld
[22:19:14] [Server thread/INFO] (Minecraft) Saving chunks for level 'ServerLevel[New World]'/minecraft:the_end
[22:19:14] [Server thread/INFO] (Minecraft) Saving chunks for level 'ServerLevel[New World]'/minecraft:the_nether
[22:19:49] [Server thread/INFO] (Minecraft) Player228 lost connection: Disconnected
[22:19:49] [Server thread/INFO] (Minecraft) Player228 left the game
[22:19:49] [Server thread/INFO] (Minecraft) Stopping singleplayer server as player logged out
[22:19:49] [Server thread/INFO] (Minecraft) Stopping server
[22:19:49] [Server thread/INFO] (Minecraft) Saving players
[22:19:49] [Server thread/INFO] (Minecraft) Saving worlds
[22:19:50] [Server thread/INFO] (Minecraft) Saving chunks for level 'ServerLevel[New World]'/minecraft:overworld
[22:19:52] [Server thread/INFO] (Minecraft) Saving chunks for level 'ServerLevel[New World]'/minecraft:the_end
[22:19:52] [Server thread/INFO] (Minecraft) Saving chunks for level 'ServerLevel[New World]'/minecraft:the_nether
[22:19:52] [Server thread/INFO] (Minecraft) ThreadedAnvilChunkStorage (New World): All chunks are saved
[22:19:52] [Server thread/INFO] (Minecraft) ThreadedAnvilChunkStorage (DIM1): All chunks are saved
[22:19:52] [Server thread/INFO] (Minecraft) ThreadedAnvilChunkStorage (DIM-1): All chunks are saved
[22:19:52] [Server thread/INFO] (Minecraft) ThreadedAnvilChunkStorage: All dimensions are saved
[22:19:52] [Render thread/INFO] (ChunkBuilder) Stopping worker threads
[22:19:57] [CullThread/INFO] (Minecraft) [STDOUT]: Shutting down culling task!
[22:19:57] [Render thread/INFO] (Minecraft) Stopping!
